<?xml version="1.0" encoding="UTF-8"?>
<testng-results skipped="0" failed="2" ignored="0" total="4" passed="2">
  <reporter-output>
  </reporter-output>
  <suite name="goibiboTest" duration-ms="57000" started-at="2021-05-23T20:42:49 IST" finished-at="2021-05-23T20:43:46 IST">
    <groups>
    </groups>
    <test name="BankingApp Test" duration-ms="57000" started-at="2021-05-23T20:42:49 IST" finished-at="2021-05-23T20:43:46 IST">
      <class name="com.goIbiboTest.testCases.TC_03_AddNewCustTest">
        <test-method status="PASS" signature="setUp(java.lang.String)[pri:0, instance:com.goIbiboTest.testCases.TC_03_AddNewCustTest@6895a785]" name="setUp" is-config="true" duration-ms="7951" started-at="2021-05-23T20:43:24 IST" finished-at="2021-05-23T20:43:32 IST">
          <params>
            <param index="0">
              <value>
                <![CDATA[chrome]]>
              </value>
            </param>
          </params>
          <reporter-output>
          </reporter-output>
        </test-method> <!-- setUp -->
        <test-method status="PASS" signature="addNewCustomer()[pri:0, instance:com.goIbiboTest.testCases.TC_03_AddNewCustTest@6895a785]" name="addNewCustomer" duration-ms="13803" started-at="2021-05-23T20:43:32 IST" finished-at="2021-05-23T20:43:45 IST">
          <reporter-output>
          </reporter-output>
        </test-method> <!-- addNewCustomer -->
        <test-method status="PASS" signature="tearDown()[pri:0, instance:com.goIbiboTest.testCases.TC_03_AddNewCustTest@6895a785]" name="tearDown" is-config="true" duration-ms="874" started-at="2021-05-23T20:43:45 IST" finished-at="2021-05-23T20:43:46 IST">
          <reporter-output>
          </reporter-output>
        </test-method> <!-- tearDown -->
      </class> <!-- com.goIbiboTest.testCases.TC_03_AddNewCustTest -->
      <class name="com.goIbiboTest.testCases.TC_01_LoginTest">
        <test-method status="PASS" signature="setUp(java.lang.String)[pri:0, instance:com.goIbiboTest.testCases.TC_01_LoginTest@10bbd20a]" name="setUp" is-config="true" duration-ms="8483" started-at="2021-05-23T20:42:50 IST" finished-at="2021-05-23T20:42:58 IST">
          <params>
            <param index="0">
              <value>
                <![CDATA[chrome]]>
              </value>
            </param>
          </params>
          <reporter-output>
          </reporter-output>
        </test-method> <!-- setUp -->
        <test-method status="PASS" signature="loginTest()[pri:0, instance:com.goIbiboTest.testCases.TC_01_LoginTest@10bbd20a]" name="loginTest" duration-ms="2847" started-at="2021-05-23T20:42:58 IST" finished-at="2021-05-23T20:43:01 IST">
          <reporter-output>
          </reporter-output>
        </test-method> <!-- loginTest -->
        <test-method status="PASS" signature="tearDown()[pri:0, instance:com.goIbiboTest.testCases.TC_01_LoginTest@10bbd20a]" name="tearDown" is-config="true" duration-ms="1059" started-at="2021-05-23T20:43:01 IST" finished-at="2021-05-23T20:43:02 IST">
          <reporter-output>
          </reporter-output>
        </test-method> <!-- tearDown -->
      </class> <!-- com.goIbiboTest.testCases.TC_01_LoginTest -->
      <class name="com.goIbiboTest.testCases.TC_02_LoginDDT">
        <test-method status="PASS" signature="setUp(java.lang.String)[pri:0, instance:com.goIbiboTest.testCases.TC_02_LoginDDT@48503868]" name="setUp" is-config="true" duration-ms="7172" started-at="2021-05-23T20:43:02 IST" finished-at="2021-05-23T20:43:09 IST">
          <params>
            <param index="0">
              <value>
                <![CDATA[chrome]]>
              </value>
            </param>
          </params>
          <reporter-output>
          </reporter-output>
        </test-method> <!-- setUp -->
        <test-method status="FAIL" signature="loginDDT(java.lang.String, java.lang.String)[pri:0, instance:com.goIbiboTest.testCases.TC_02_LoginDDT@48503868]" name="loginDDT" duration-ms="3676" started-at="2021-05-23T20:43:15 IST" data-provider="LoginData" finished-at="2021-05-23T20:43:19 IST">
          <params>
            <param index="0">
              <value>
                <![CDATA[mngr241403]]>
              </value>
            </param>
            <param index="1">
              <value>
                <![CDATA[darEsAb]]>
              </value>
            </param>
          </params>
          <exception class="java.lang.AssertionError">
            <message>
              <![CDATA[did not expect to find [true] but found [false]]]>
            </message>
            <full-stacktrace>
              <![CDATA[java.lang.AssertionError: did not expect to find [true] but found [false]
at org.testng.Assert.fail(Assert.java:97)
at org.testng.Assert.failNotEquals(Assert.java:969)
at org.testng.Assert.assertTrue(Assert.java:43)
at org.testng.Assert.assertTrue(Assert.java:53)
at com.goIbiboTest.testCases.TC_02_LoginDDT.loginDDT(TC_02_LoginDDT.java:27)
at sun.reflect.NativeMethodAccessorImpl.invoke0(Native Method)
at sun.reflect.NativeMethodAccessorImpl.invoke(Unknown Source)
at sun.reflect.DelegatingMethodAccessorImpl.invoke(Unknown Source)
at java.lang.reflect.Method.invoke(Unknown Source)
at org.testng.internal.MethodInvocationHelper.invokeMethod(MethodInvocationHelper.java:133)
at org.testng.internal.TestInvoker.invokeMethod(TestInvoker.java:584)
at org.testng.internal.TestInvoker.invokeTestMethod(TestInvoker.java:172)
at org.testng.internal.MethodRunner.runInSequence(MethodRunner.java:46)
at org.testng.internal.TestInvoker$MethodInvocationAgent.invoke(TestInvoker.java:804)
at org.testng.internal.TestInvoker.invokeTestMethods(TestInvoker.java:145)
at org.testng.internal.TestMethodWorker.invokeTestMethods(TestMethodWorker.java:146)
at org.testng.internal.TestMethodWorker.run(TestMethodWorker.java:128)
at java.util.ArrayList.forEach(Unknown Source)
at org.testng.TestRunner.privateRun(TestRunner.java:770)
at org.testng.TestRunner.run(TestRunner.java:591)
at org.testng.SuiteRunner.runTest(SuiteRunner.java:402)
at org.testng.SuiteRunner.runSequentially(SuiteRunner.java:396)
at org.testng.SuiteRunner.privateRun(SuiteRunner.java:355)
at org.testng.SuiteRunner.run(SuiteRunner.java:304)
at org.testng.SuiteRunnerWorker.runSuite(SuiteRunnerWorker.java:53)
at org.testng.SuiteRunnerWorker.run(SuiteRunnerWorker.java:96)
at org.testng.TestNG.runSuitesSequentially(TestNG.java:1180)
at org.testng.TestNG.runSuitesLocally(TestNG.java:1102)
at org.testng.TestNG.runSuites(TestNG.java:1032)
at org.testng.TestNG.run(TestNG.java:1000)
at org.testng.remote.AbstractRemoteTestNG.run(AbstractRemoteTestNG.java:115)
at org.testng.remote.RemoteTestNG.initAndRun(RemoteTestNG.java:251)
at org.testng.remote.RemoteTestNG.main(RemoteTestNG.java:77)
]]>
            </full-stacktrace>
          </exception> <!-- java.lang.AssertionError -->
          <reporter-output>
          </reporter-output>
        </test-method> <!-- loginDDT -->
        <test-method status="FAIL" signature="loginDDT(java.lang.String, java.lang.String)[pri:0, instance:com.goIbiboTest.testCases.TC_02_LoginDDT@48503868]" name="loginDDT" duration-ms="3265" started-at="2021-05-23T20:43:19 IST" data-provider="LoginData" finished-at="2021-05-23T20:43:22 IST">
          <params>
            <param index="0">
              <value>
                <![CDATA[samrathulk]]>
              </value>
            </param>
            <param index="1">
              <value>
                <![CDATA[VJ]]>
              </value>
            </param>
          </params>
          <exception class="java.lang.AssertionError">
            <message>
              <![CDATA[did not expect to find [true] but found [false]]]>
            </message>
            <full-stacktrace>
              <![CDATA[java.lang.AssertionError: did not expect to find [true] but found [false]
at org.testng.Assert.fail(Assert.java:97)
at org.testng.Assert.failNotEquals(Assert.java:969)
at org.testng.Assert.assertTrue(Assert.java:43)
at org.testng.Assert.assertTrue(Assert.java:53)
at com.goIbiboTest.testCases.TC_02_LoginDDT.loginDDT(TC_02_LoginDDT.java:27)
at sun.reflect.NativeMethodAccessorImpl.invoke0(Native Method)
at sun.reflect.NativeMethodAccessorImpl.invoke(Unknown Source)
at sun.reflect.DelegatingMethodAccessorImpl.invoke(Unknown Source)
at java.lang.reflect.Method.invoke(Unknown Source)
at org.testng.internal.MethodInvocationHelper.invokeMethod(MethodInvocationHelper.java:133)
at org.testng.internal.TestInvoker.invokeMethod(TestInvoker.java:584)
at org.testng.internal.TestInvoker.invokeTestMethod(TestInvoker.java:172)
at org.testng.internal.MethodRunner.runInSequence(MethodRunner.java:46)
at org.testng.internal.TestInvoker$MethodInvocationAgent.invoke(TestInvoker.java:804)
at org.testng.internal.TestInvoker.invokeTestMethods(TestInvoker.java:145)
at org.testng.internal.TestMethodWorker.invokeTestMethods(TestMethodWorker.java:146)
at org.testng.internal.TestMethodWorker.run(TestMethodWorker.java:128)
at java.util.ArrayList.forEach(Unknown Source)
at org.testng.TestRunner.privateRun(TestRunner.java:770)
at org.testng.TestRunner.run(TestRunner.java:591)
at org.testng.SuiteRunner.runTest(SuiteRunner.java:402)
at org.testng.SuiteRunner.runSequentially(SuiteRunner.java:396)
at org.testng.SuiteRunner.privateRun(SuiteRunner.java:355)
at org.testng.SuiteRunner.run(SuiteRunner.java:304)
at org.testng.SuiteRunnerWorker.runSuite(SuiteRunnerWorker.java:53)
at org.testng.SuiteRunnerWorker.run(SuiteRunnerWorker.java:96)
at org.testng.TestNG.runSuitesSequentially(TestNG.java:1180)
at org.testng.TestNG.runSuitesLocally(TestNG.java:1102)
at org.testng.TestNG.runSuites(TestNG.java:1032)
at org.testng.TestNG.run(TestNG.java:1000)
at org.testng.remote.AbstractRemoteTestNG.run(AbstractRemoteTestNG.java:115)
at org.testng.remote.RemoteTestNG.initAndRun(RemoteTestNG.java:251)
at org.testng.remote.RemoteTestNG.main(RemoteTestNG.java:77)
]]>
            </full-stacktrace>
          </exception> <!-- java.lang.AssertionError -->
          <reporter-output>
          </reporter-output>
        </test-method> <!-- loginDDT -->
        <test-method status="PASS" signature="tearDown()[pri:0, instance:com.goIbiboTest.testCases.TC_02_LoginDDT@48503868]" name="tearDown" is-config="true" duration-ms="1279" started-at="2021-05-23T20:43:22 IST" finished-at="2021-05-23T20:43:24 IST">
          <reporter-output>
          </reporter-output>
        </test-method> <!-- tearDown -->
      </class> <!-- com.goIbiboTest.testCases.TC_02_LoginDDT -->
    </test> <!-- BankingApp Test -->
  </suite> <!-- goibiboTest -->
</testng-results>
